May 22 19:51:40 INFO Старт программы
May 22 19:51:41 INFO Данные о клиенте собраны
May 22 19:51:41 INFO {'host_information': {'sysname': 'Darwin', 'hostname': 'ARmbp.local'}, 'network': ['lo0', 'en0', 'bridge100', 'bridge101', 'ipsec0', 'en5', 'ap1', 'awdl0', 'llw0', 'en3', 'en1', 'en4', 'en2', 'bridge0', 'vmenet0', 'vmenet1', 'vmenet2', 'vmenet7', 'vmenet3', 'utun0', 'utun1', 'utun2', 'utun3', 'utun4', 'utun5', 'utun6', 'utun8', 'utun9'], 'disk': [{'disk': {'/dev/disk1s1s1'}, 'mountpoint': {'/'}, 'file_system_type': {'apfs'}, 'total': {1000240963584}, 'used': {604892057600}, 'free': {395348905984}}, {'disk': {'/dev/disk1s5'}, 'mountpoint': {'/System/Volumes/VM'}, 'file_system_type': {'apfs'}, 'total': {1000240963584}, 'used': {604892057600}, 'free': {395348905984}}, {'disk': {'/dev/disk1s3'}, 'mountpoint': {'/System/Volumes/Preboot'}, 'file_system_type': {'apfs'}, 'total': {1000240963584}, 'used': {604892057600}, 'free': {395348905984}}, {'disk': {'/dev/disk1s6'}, 'mountpoint': {'/System/Volumes/Update'}, 'file_system_type': {'apfs'}, 'total': {1000240963584}, 'used': {604892057600}, 'free': {395348905984}}, {'disk': {'/dev/disk1s2'}, 'mountpoint': {'/System/Volumes/Data'}, 'file_system_type': {'apfs'}, 'total': {1000240963584}, 'used': {604892057600}, 'free': {395348905984}}, {'disk': {'/dev/disk4s1'}, 'mountpoint': {'/Volumes/VOX'}, 'file_system_type': {'hfs'}, 'total': {92233728}, 'used': {71360512}, 'free': {20873216}}, {'disk': {'/dev/disk2s1'}, 'mountpoint': {'/Volumes/AnyDesk'}, 'file_system_type': {'hfs'}, 'total': {34443264}, 'used': {28012544}, 'free': {6430720}}], 'memory': {'memory_total': 17179869184, 'memory_used': 8301551616, 'memory_percent': 73.2}, 'cpu': {'cpu_cores': 8, 'cpu_physical_cores': 8, 'cpu_freqency': '2300.00'}, 'load_average': {'1 min': 2.8408203125, '5 min': 2.6904296875, '15 min': 2.951171875}}
May 22 19:51:41 INFO Данные об оборудовании клиента собраны
May 22 19:51:41 INFO Успешная регистрация сервера
May 22 19:51:41 INFO Данные загружены
May 22 19:52:41 INFO Данные загружены
May 22 19:53:41 ERROR ConnectionError Can't connect to server.
May 22 19:53:47 INFO Старт программы
May 22 19:53:47 INFO Данные о клиенте собраны
May 22 19:53:47 INFO {'host_information': {'sysname': 'Darwin', 'hostname': 'ARmbp.local'}, 'network': ['lo0', 'en0', 'bridge100', 'bridge101', 'ipsec0', 'en5', 'ap1', 'awdl0', 'llw0', 'en3', 'en1', 'en4', 'en2', 'bridge0', 'vmenet0', 'vmenet1', 'vmenet2', 'vmenet7', 'vmenet3', 'utun0', 'utun1', 'utun2', 'utun3', 'utun4', 'utun5', 'utun6', 'utun8', 'utun9'], 'disk': [{'disk': {'/dev/disk1s1s1'}, 'mountpoint': {'/'}, 'file_system_type': {'apfs'}, 'total': {1000240963584}, 'used': {607042678784}, 'free': {393198284800}}, {'disk': {'/dev/disk1s5'}, 'mountpoint': {'/System/Volumes/VM'}, 'file_system_type': {'apfs'}, 'total': {1000240963584}, 'used': {607042678784}, 'free': {393198284800}}, {'disk': {'/dev/disk1s3'}, 'mountpoint': {'/System/Volumes/Preboot'}, 'file_system_type': {'apfs'}, 'total': {1000240963584}, 'used': {607042678784}, 'free': {393198284800}}, {'disk': {'/dev/disk1s6'}, 'mountpoint': {'/System/Volumes/Update'}, 'file_system_type': {'apfs'}, 'total': {1000240963584}, 'used': {607042678784}, 'free': {393198284800}}, {'disk': {'/dev/disk1s2'}, 'mountpoint': {'/System/Volumes/Data'}, 'file_system_type': {'apfs'}, 'total': {1000240963584}, 'used': {607042678784}, 'free': {393198284800}}, {'disk': {'/dev/disk4s1'}, 'mountpoint': {'/Volumes/VOX'}, 'file_system_type': {'hfs'}, 'total': {92233728}, 'used': {71360512}, 'free': {20873216}}, {'disk': {'/dev/disk2s1'}, 'mountpoint': {'/Volumes/AnyDesk'}, 'file_system_type': {'hfs'}, 'total': {34443264}, 'used': {28012544}, 'free': {6430720}}], 'memory': {'memory_total': 17179869184, 'memory_used': 9021771776, 'memory_percent': 59.0}, 'cpu': {'cpu_cores': 8, 'cpu_physical_cores': 8, 'cpu_freqency': '2300.00'}, 'load_average': {'1 min': 2.49267578125, '5 min': 2.82421875, '15 min': 2.9853515625}}
May 22 19:53:47 INFO Данные об оборудовании клиента собраны
May 22 19:53:47 ERROR ConnectionError Can't connect to server.
May 22 19:53:55 INFO Старт программы
May 22 19:53:55 INFO Данные о клиенте собраны
May 22 19:53:55 INFO {'host_information': {'sysname': 'Darwin', 'hostname': 'ARmbp.local'}, 'network': ['lo0', 'en0', 'bridge100', 'bridge101', 'ipsec0', 'en5', 'ap1', 'awdl0', 'llw0', 'en3', 'en1', 'en4', 'en2', 'bridge0', 'vmenet0', 'vmenet1', 'vmenet2', 'vmenet7', 'vmenet3', 'utun0', 'utun1', 'utun2', 'utun3', 'utun4', 'utun5', 'utun6', 'utun8', 'utun9'], 'disk': [{'disk': {'/dev/disk1s1s1'}, 'mountpoint': {'/'}, 'file_system_type': {'apfs'}, 'total': {1000240963584}, 'used': {607042744320}, 'free': {393198219264}}, {'disk': {'/dev/disk1s5'}, 'mountpoint': {'/System/Volumes/VM'}, 'file_system_type': {'apfs'}, 'total': {1000240963584}, 'used': {607042744320}, 'free': {393198219264}}, {'disk': {'/dev/disk1s3'}, 'mountpoint': {'/System/Volumes/Preboot'}, 'file_system_type': {'apfs'}, 'total': {1000240963584}, 'used': {607042744320}, 'free': {393198219264}}, {'disk': {'/dev/disk1s6'}, 'mountpoint': {'/System/Volumes/Update'}, 'file_system_type': {'apfs'}, 'total': {1000240963584}, 'used': {607042744320}, 'free': {393198219264}}, {'disk': {'/dev/disk1s2'}, 'mountpoint': {'/System/Volumes/Data'}, 'file_system_type': {'apfs'}, 'total': {1000240963584}, 'used': {607042744320}, 'free': {393198219264}}, {'disk': {'/dev/disk4s1'}, 'mountpoint': {'/Volumes/VOX'}, 'file_system_type': {'hfs'}, 'total': {92233728}, 'used': {71360512}, 'free': {20873216}}, {'disk': {'/dev/disk2s1'}, 'mountpoint': {'/Volumes/AnyDesk'}, 'file_system_type': {'hfs'}, 'total': {34443264}, 'used': {28012544}, 'free': {6430720}}], 'memory': {'memory_total': 17179869184, 'memory_used': 9112158208, 'memory_percent': 59.8}, 'cpu': {'cpu_cores': 8, 'cpu_physical_cores': 8, 'cpu_freqency': '2300.00'}, 'load_average': {'1 min': 3.9345703125, '5 min': 3.125, '15 min': 3.09033203125}}
May 22 19:53:55 INFO Данные об оборудовании клиента собраны
May 22 19:53:55 INFO Сервер уже зарегистрирован
May 22 19:53:56 INFO Данные загружены
May 22 19:54:56 INFO Данные загружены
May 22 19:55:56 INFO Данные загружены
May 22 19:56:56 INFO Данные загружены
